ARM GAS  C:\Users\mcfdo\AppData\Local\Temp\ccLW6kNg.s 			page 1


   1              		.syntax unified
   2              		.cpu cortex-m0plus
   3              		.fpu softvfp
   4              		.eabi_attribute 20, 1
   5              		.eabi_attribute 21, 1
   6              		.eabi_attribute 23, 3
   7              		.eabi_attribute 24, 1
   8              		.eabi_attribute 25, 1
   9              		.eabi_attribute 26, 1
  10              		.eabi_attribute 30, 4
  11              		.eabi_attribute 34, 0
  12              		.eabi_attribute 18, 4
  13              		.thumb
  14              		.syntax unified
  15              		.file	"ADC_1_INIT.c"
  16              		.text
  17              	.Ltext0:
  18              		.cfi_sections	.debug_frame
  19              		.global	ADC_1_allConfigs
  20              		.section	.rodata
  21              		.align	2
  22              		.type	ADC_1_allConfigs, %object
  23              		.size	ADC_1_allConfigs, 20
  24              	ADC_1_allConfigs:
  25 0000 00000000 		.word	0
  26 0004 01000000 		.word	1
  27 0008 14000000 		.word	ADC_1_hwConfigs
  28 000c 00000000 		.word	0
  29 0010 02000000 		.word	2
  30              		.type	ADC_1_hwConfigs, %object
  31              		.size	ADC_1_hwConfigs, 120
  32              	ADC_1_hwConfigs:
  33 0014 72CE2053 		.word	1394658930
  34 0018 00010290 		.word	-1878916864
  35 001c 04000200 		.word	131076
  36 0020 02000200 		.word	131074
  37 0024 00020E06 		.word	101581312
  38 0028 02       		.byte	2
  39 0029 000000   		.space	3
  40 002c 01000000 		.word	1
  41 0030 00000000 		.word	0
  42 0034 00000000 		.word	0
  43 0038 00000000 		.word	0
  44 003c 00000000 		.word	0
  45 0040 00000000 		.word	0
  46 0044 00000000 		.word	0
  47 0048 00000000 		.word	0
  48 004c 00000000 		.word	0
  49 0050 00000000 		.word	0
  50 0054 00000000 		.word	0
  51 0058 00000000 		.word	0
  52 005c 00000000 		.word	0
  53 0060 00000000 		.word	0
  54 0064 00000000 		.word	0
  55 0068 00000000 		.word	0
  56 006c 00000000 		.word	0
  57 0070 01000000 		.word	1
ARM GAS  C:\Users\mcfdo\AppData\Local\Temp\ccLW6kNg.s 			page 2


  58 0074 01000000 		.word	1
  59 0078 00000000 		.word	0
  60 007c 00000000 		.word	0
  61 0080 00000000 		.word	0
  62 0084 00       		.byte	0
  63 0085 000000   		.space	3
  64 0088 E40C0000 		.word	3300
  65              		.text
  66              	.Letext0:
  67              		.file 1 "c:\\program files (x86)\\cypress\\psoc creator\\4.4\\psoc creator\\import\\gnu\\arm\\5.4.
  68              		.file 2 "c:\\program files (x86)\\cypress\\psoc creator\\4.4\\psoc creator\\import\\gnu\\arm\\5.4.
  69              		.file 3 "Generated_Source\\PSoC6\\pdl\\drivers/peripheral/device/cy_device.h"
  70              		.file 4 "Generated_Source\\PSoC6\\pdl\\drivers/peripheral/syslib/cy_syslib.h"
  71              		.file 5 "Generated_Source\\PSoC6\\pdl\\drivers/peripheral/sar/cy_sar.h"
  72              		.file 6 "Generated_Source\\PSoC6\\ADC_1.h"
  73              		.file 7 "Generated_Source\\PSoC6\\ADC_1_INIT.c"
  74              		.section	.debug_info,"",%progbits
  75              	.Ldebug_info0:
  76 0000 E7060000 		.4byte	0x6e7
  77 0004 0400     		.2byte	0x4
  78 0006 00000000 		.4byte	.Ldebug_abbrev0
  79 000a 04       		.byte	0x4
  80 000b 01       		.uleb128 0x1
  81 000c 81020000 		.4byte	.LASF140
  82 0010 0C       		.byte	0xc
  83 0011 59040000 		.4byte	.LASF141
  84 0015 F0000000 		.4byte	.LASF142
  85 0019 00000000 		.4byte	.Ldebug_line0
  86 001d 02       		.uleb128 0x2
  87 001e 02       		.byte	0x2
  88 001f 05       		.byte	0x5
  89 0020 00070000 		.4byte	.LASF0
  90 0024 02       		.uleb128 0x2
  91 0025 01       		.byte	0x1
  92 0026 08       		.byte	0x8
  93 0027 DE060000 		.4byte	.LASF1
  94 002b 02       		.uleb128 0x2
  95 002c 01       		.byte	0x1
  96 002d 06       		.byte	0x6
  97 002e DE010000 		.4byte	.LASF2
  98 0032 03       		.uleb128 0x3
  99 0033 7E000000 		.4byte	.LASF3
 100 0037 01       		.byte	0x1
 101 0038 1D       		.byte	0x1d
 102 0039 24000000 		.4byte	0x24
 103 003d 03       		.uleb128 0x3
 104 003e F2030000 		.4byte	.LASF4
 105 0042 01       		.byte	0x1
 106 0043 29       		.byte	0x29
 107 0044 1D000000 		.4byte	0x1d
 108 0048 03       		.uleb128 0x3
 109 0049 A1070000 		.4byte	.LASF5
 110 004d 01       		.byte	0x1
 111 004e 2B       		.byte	0x2b
 112 004f 53000000 		.4byte	0x53
 113 0053 02       		.uleb128 0x2
 114 0054 02       		.byte	0x2
ARM GAS  C:\Users\mcfdo\AppData\Local\Temp\ccLW6kNg.s 			page 3


 115 0055 07       		.byte	0x7
 116 0056 92030000 		.4byte	.LASF6
 117 005a 02       		.uleb128 0x2
 118 005b 04       		.byte	0x4
 119 005c 05       		.byte	0x5
 120 005d 78020000 		.4byte	.LASF7
 121 0061 03       		.uleb128 0x3
 122 0062 CB030000 		.4byte	.LASF8
 123 0066 01       		.byte	0x1
 124 0067 41       		.byte	0x41
 125 0068 6C000000 		.4byte	0x6c
 126 006c 02       		.uleb128 0x2
 127 006d 04       		.byte	0x4
 128 006e 07       		.byte	0x7
 129 006f 7D040000 		.4byte	.LASF9
 130 0073 02       		.uleb128 0x2
 131 0074 08       		.byte	0x8
 132 0075 05       		.byte	0x5
 133 0076 D0010000 		.4byte	.LASF10
 134 007a 02       		.uleb128 0x2
 135 007b 08       		.byte	0x8
 136 007c 07       		.byte	0x7
 137 007d D9000000 		.4byte	.LASF11
 138 0081 04       		.uleb128 0x4
 139 0082 04       		.byte	0x4
 140 0083 05       		.byte	0x5
 141 0084 696E7400 		.ascii	"int\000"
 142 0088 02       		.uleb128 0x2
 143 0089 04       		.byte	0x4
 144 008a 07       		.byte	0x7
 145 008b 31040000 		.4byte	.LASF12
 146 008f 03       		.uleb128 0x3
 147 0090 BF070000 		.4byte	.LASF13
 148 0094 02       		.byte	0x2
 149 0095 18       		.byte	0x18
 150 0096 32000000 		.4byte	0x32
 151 009a 03       		.uleb128 0x3
 152 009b B4010000 		.4byte	.LASF14
 153 009f 02       		.byte	0x2
 154 00a0 20       		.byte	0x20
 155 00a1 3D000000 		.4byte	0x3d
 156 00a5 03       		.uleb128 0x3
 157 00a6 3E040000 		.4byte	.LASF15
 158 00aa 02       		.byte	0x2
 159 00ab 24       		.byte	0x24
 160 00ac 48000000 		.4byte	0x48
 161 00b0 03       		.uleb128 0x3
 162 00b1 61070000 		.4byte	.LASF16
 163 00b5 02       		.byte	0x2
 164 00b6 30       		.byte	0x30
 165 00b7 61000000 		.4byte	0x61
 166 00bb 02       		.uleb128 0x2
 167 00bc 04       		.byte	0x4
 168 00bd 07       		.byte	0x7
 169 00be B8050000 		.4byte	.LASF17
 170 00c2 02       		.uleb128 0x2
 171 00c3 08       		.byte	0x8
ARM GAS  C:\Users\mcfdo\AppData\Local\Temp\ccLW6kNg.s 			page 4


 172 00c4 04       		.byte	0x4
 173 00c5 76070000 		.4byte	.LASF18
 174 00c9 05       		.uleb128 0x5
 175 00ca B8       		.byte	0xb8
 176 00cb 03       		.byte	0x3
 177 00cc 34       		.byte	0x34
 178 00cd DA040000 		.4byte	0x4da
 179 00d1 06       		.uleb128 0x6
 180 00d2 C0000000 		.4byte	.LASF19
 181 00d6 03       		.byte	0x3
 182 00d7 37       		.byte	0x37
 183 00d8 B0000000 		.4byte	0xb0
 184 00dc 00       		.byte	0
 185 00dd 06       		.uleb128 0x6
 186 00de C0030000 		.4byte	.LASF20
 187 00e2 03       		.byte	0x3
 188 00e3 38       		.byte	0x38
 189 00e4 B0000000 		.4byte	0xb0
 190 00e8 04       		.byte	0x4
 191 00e9 06       		.uleb128 0x6
 192 00ea 21030000 		.4byte	.LASF21
 193 00ee 03       		.byte	0x3
 194 00ef 39       		.byte	0x39
 195 00f0 B0000000 		.4byte	0xb0
 196 00f4 08       		.byte	0x8
 197 00f5 06       		.uleb128 0x6
 198 00f6 B7060000 		.4byte	.LASF22
 199 00fa 03       		.byte	0x3
 200 00fb 3A       		.byte	0x3a
 201 00fc B0000000 		.4byte	0xb0
 202 0100 0C       		.byte	0xc
 203 0101 06       		.uleb128 0x6
 204 0102 2D020000 		.4byte	.LASF23
 205 0106 03       		.byte	0x3
 206 0107 3B       		.byte	0x3b
 207 0108 B0000000 		.4byte	0xb0
 208 010c 10       		.byte	0x10
 209 010d 06       		.uleb128 0x6
 210 010e 56020000 		.4byte	.LASF24
 211 0112 03       		.byte	0x3
 212 0113 3C       		.byte	0x3c
 213 0114 B0000000 		.4byte	0xb0
 214 0118 14       		.byte	0x14
 215 0119 06       		.uleb128 0x6
 216 011a 9A040000 		.4byte	.LASF25
 217 011e 03       		.byte	0x3
 218 011f 3D       		.byte	0x3d
 219 0120 B0000000 		.4byte	0xb0
 220 0124 18       		.byte	0x18
 221 0125 06       		.uleb128 0x6
 222 0126 67000000 		.4byte	.LASF26
 223 012a 03       		.byte	0x3
 224 012b 3E       		.byte	0x3e
 225 012c B0000000 		.4byte	0xb0
 226 0130 1C       		.byte	0x1c
 227 0131 06       		.uleb128 0x6
 228 0132 FE080000 		.4byte	.LASF27
ARM GAS  C:\Users\mcfdo\AppData\Local\Temp\ccLW6kNg.s 			page 5


 229 0136 03       		.byte	0x3
 230 0137 3F       		.byte	0x3f
 231 0138 B0000000 		.4byte	0xb0
 232 013c 20       		.byte	0x20
 233 013d 06       		.uleb128 0x6
 234 013e 47060000 		.4byte	.LASF28
 235 0142 03       		.byte	0x3
 236 0143 40       		.byte	0x40
 237 0144 B0000000 		.4byte	0xb0
 238 0148 24       		.byte	0x24
 239 0149 06       		.uleb128 0x6
 240 014a 8A050000 		.4byte	.LASF29
 241 014e 03       		.byte	0x3
 242 014f 43       		.byte	0x43
 243 0150 8F000000 		.4byte	0x8f
 244 0154 28       		.byte	0x28
 245 0155 06       		.uleb128 0x6
 246 0156 4D000000 		.4byte	.LASF30
 247 015a 03       		.byte	0x3
 248 015b 44       		.byte	0x44
 249 015c 8F000000 		.4byte	0x8f
 250 0160 29       		.byte	0x29
 251 0161 06       		.uleb128 0x6
 252 0162 F4080000 		.4byte	.LASF31
 253 0166 03       		.byte	0x3
 254 0167 45       		.byte	0x45
 255 0168 8F000000 		.4byte	0x8f
 256 016c 2A       		.byte	0x2a
 257 016d 06       		.uleb128 0x6
 258 016e 39060000 		.4byte	.LASF32
 259 0172 03       		.byte	0x3
 260 0173 46       		.byte	0x46
 261 0174 8F000000 		.4byte	0x8f
 262 0178 2B       		.byte	0x2b
 263 0179 06       		.uleb128 0x6
 264 017a FD040000 		.4byte	.LASF33
 265 017e 03       		.byte	0x3
 266 017f 47       		.byte	0x47
 267 0180 8F000000 		.4byte	0x8f
 268 0184 2C       		.byte	0x2c
 269 0185 06       		.uleb128 0x6
 270 0186 C7070000 		.4byte	.LASF34
 271 018a 03       		.byte	0x3
 272 018b 48       		.byte	0x48
 273 018c 8F000000 		.4byte	0x8f
 274 0190 2D       		.byte	0x2d
 275 0191 06       		.uleb128 0x6
 276 0192 36020000 		.4byte	.LASF35
 277 0196 03       		.byte	0x3
 278 0197 49       		.byte	0x49
 279 0198 8F000000 		.4byte	0x8f
 280 019c 2E       		.byte	0x2e
 281 019d 06       		.uleb128 0x6
 282 019e 97050000 		.4byte	.LASF36
 283 01a2 03       		.byte	0x3
 284 01a3 4A       		.byte	0x4a
 285 01a4 8F000000 		.4byte	0x8f
ARM GAS  C:\Users\mcfdo\AppData\Local\Temp\ccLW6kNg.s 			page 6


 286 01a8 2F       		.byte	0x2f
 287 01a9 06       		.uleb128 0x6
 288 01aa 87070000 		.4byte	.LASF37
 289 01ae 03       		.byte	0x3
 290 01af 4B       		.byte	0x4b
 291 01b0 8F000000 		.4byte	0x8f
 292 01b4 30       		.byte	0x30
 293 01b5 06       		.uleb128 0x6
 294 01b6 8F040000 		.4byte	.LASF38
 295 01ba 03       		.byte	0x3
 296 01bb 4E       		.byte	0x4e
 297 01bc 8F000000 		.4byte	0x8f
 298 01c0 31       		.byte	0x31
 299 01c1 06       		.uleb128 0x6
 300 01c2 70000000 		.4byte	.LASF39
 301 01c6 03       		.byte	0x3
 302 01c7 4F       		.byte	0x4f
 303 01c8 8F000000 		.4byte	0x8f
 304 01cc 32       		.byte	0x32
 305 01cd 06       		.uleb128 0x6
 306 01ce 25040000 		.4byte	.LASF40
 307 01d2 03       		.byte	0x3
 308 01d3 50       		.byte	0x50
 309 01d4 8F000000 		.4byte	0x8f
 310 01d8 33       		.byte	0x33
 311 01d9 06       		.uleb128 0x6
 312 01da CC050000 		.4byte	.LASF41
 313 01de 03       		.byte	0x3
 314 01df 51       		.byte	0x51
 315 01e0 8F000000 		.4byte	0x8f
 316 01e4 34       		.byte	0x34
 317 01e5 06       		.uleb128 0x6
 318 01e6 0F080000 		.4byte	.LASF42
 319 01ea 03       		.byte	0x3
 320 01eb 52       		.byte	0x52
 321 01ec 9A000000 		.4byte	0x9a
 322 01f0 36       		.byte	0x36
 323 01f1 06       		.uleb128 0x6
 324 01f2 53030000 		.4byte	.LASF43
 325 01f6 03       		.byte	0x3
 326 01f7 53       		.byte	0x53
 327 01f8 9A000000 		.4byte	0x9a
 328 01fc 38       		.byte	0x38
 329 01fd 06       		.uleb128 0x6
 330 01fe 37080000 		.4byte	.LASF44
 331 0202 03       		.byte	0x3
 332 0203 54       		.byte	0x54
 333 0204 9A000000 		.4byte	0x9a
 334 0208 3A       		.byte	0x3a
 335 0209 06       		.uleb128 0x6
 336 020a D5080000 		.4byte	.LASF45
 337 020e 03       		.byte	0x3
 338 020f 55       		.byte	0x55
 339 0210 8F000000 		.4byte	0x8f
 340 0214 3C       		.byte	0x3c
 341 0215 06       		.uleb128 0x6
 342 0216 7A030000 		.4byte	.LASF46
ARM GAS  C:\Users\mcfdo\AppData\Local\Temp\ccLW6kNg.s 			page 7


 343 021a 03       		.byte	0x3
 344 021b 56       		.byte	0x56
 345 021c 8F000000 		.4byte	0x8f
 346 0220 3D       		.byte	0x3d
 347 0221 06       		.uleb128 0x6
 348 0222 31070000 		.4byte	.LASF47
 349 0226 03       		.byte	0x3
 350 0227 57       		.byte	0x57
 351 0228 8F000000 		.4byte	0x8f
 352 022c 3E       		.byte	0x3e
 353 022d 06       		.uleb128 0x6
 354 022e 5B000000 		.4byte	.LASF48
 355 0232 03       		.byte	0x3
 356 0233 58       		.byte	0x58
 357 0234 8F000000 		.4byte	0x8f
 358 0238 3F       		.byte	0x3f
 359 0239 06       		.uleb128 0x6
 360 023a 52060000 		.4byte	.LASF49
 361 023e 03       		.byte	0x3
 362 023f 59       		.byte	0x59
 363 0240 8F000000 		.4byte	0x8f
 364 0244 40       		.byte	0x40
 365 0245 06       		.uleb128 0x6
 366 0246 D6030000 		.4byte	.LASF50
 367 024a 03       		.byte	0x3
 368 024b 5A       		.byte	0x5a
 369 024c 8F000000 		.4byte	0x8f
 370 0250 41       		.byte	0x41
 371 0251 06       		.uleb128 0x6
 372 0252 3C050000 		.4byte	.LASF51
 373 0256 03       		.byte	0x3
 374 0257 5B       		.byte	0x5b
 375 0258 8F000000 		.4byte	0x8f
 376 025c 42       		.byte	0x42
 377 025d 06       		.uleb128 0x6
 378 025e 2E060000 		.4byte	.LASF52
 379 0262 03       		.byte	0x3
 380 0263 5C       		.byte	0x5c
 381 0264 8F000000 		.4byte	0x8f
 382 0268 43       		.byte	0x43
 383 0269 06       		.uleb128 0x6
 384 026a 2A030000 		.4byte	.LASF53
 385 026e 03       		.byte	0x3
 386 026f 5D       		.byte	0x5d
 387 0270 8F000000 		.4byte	0x8f
 388 0274 44       		.byte	0x44
 389 0275 06       		.uleb128 0x6
 390 0276 00000000 		.4byte	.LASF54
 391 027a 03       		.byte	0x3
 392 027b 5E       		.byte	0x5e
 393 027c B0000000 		.4byte	0xb0
 394 0280 48       		.byte	0x48
 395 0281 06       		.uleb128 0x6
 396 0282 13030000 		.4byte	.LASF55
 397 0286 03       		.byte	0x3
 398 0287 5F       		.byte	0x5f
 399 0288 B0000000 		.4byte	0xb0
ARM GAS  C:\Users\mcfdo\AppData\Local\Temp\ccLW6kNg.s 			page 8


 400 028c 4C       		.byte	0x4c
 401 028d 06       		.uleb128 0x6
 402 028e 2E090000 		.4byte	.LASF56
 403 0292 03       		.byte	0x3
 404 0293 60       		.byte	0x60
 405 0294 8F000000 		.4byte	0x8f
 406 0298 50       		.byte	0x50
 407 0299 06       		.uleb128 0x6
 408 029a 8E010000 		.4byte	.LASF57
 409 029e 03       		.byte	0x3
 410 029f 61       		.byte	0x61
 411 02a0 8F000000 		.4byte	0x8f
 412 02a4 51       		.byte	0x51
 413 02a5 06       		.uleb128 0x6
 414 02a6 4C080000 		.4byte	.LASF58
 415 02aa 03       		.byte	0x3
 416 02ab 62       		.byte	0x62
 417 02ac 8F000000 		.4byte	0x8f
 418 02b0 52       		.byte	0x52
 419 02b1 06       		.uleb128 0x6
 420 02b2 1C090000 		.4byte	.LASF59
 421 02b6 03       		.byte	0x3
 422 02b7 63       		.byte	0x63
 423 02b8 8F000000 		.4byte	0x8f
 424 02bc 53       		.byte	0x53
 425 02bd 06       		.uleb128 0x6
 426 02be 3F070000 		.4byte	.LASF60
 427 02c2 03       		.byte	0x3
 428 02c3 64       		.byte	0x64
 429 02c4 8F000000 		.4byte	0x8f
 430 02c8 54       		.byte	0x54
 431 02c9 06       		.uleb128 0x6
 432 02ca A0010000 		.4byte	.LASF61
 433 02ce 03       		.byte	0x3
 434 02cf 65       		.byte	0x65
 435 02d0 8F000000 		.4byte	0x8f
 436 02d4 55       		.byte	0x55
 437 02d5 06       		.uleb128 0x6
 438 02d6 D9070000 		.4byte	.LASF62
 439 02da 03       		.byte	0x3
 440 02db 66       		.byte	0x66
 441 02dc 8F000000 		.4byte	0x8f
 442 02e0 56       		.byte	0x56
 443 02e1 06       		.uleb128 0x6
 444 02e2 A3040000 		.4byte	.LASF63
 445 02e6 03       		.byte	0x3
 446 02e7 67       		.byte	0x67
 447 02e8 8F000000 		.4byte	0x8f
 448 02ec 57       		.byte	0x57
 449 02ed 06       		.uleb128 0x6
 450 02ee 12000000 		.4byte	.LASF64
 451 02f2 03       		.byte	0x3
 452 02f3 68       		.byte	0x68
 453 02f4 8F000000 		.4byte	0x8f
 454 02f8 58       		.byte	0x58
 455 02f9 06       		.uleb128 0x6
 456 02fa EC060000 		.4byte	.LASF65
ARM GAS  C:\Users\mcfdo\AppData\Local\Temp\ccLW6kNg.s 			page 9


 457 02fe 03       		.byte	0x3
 458 02ff 69       		.byte	0x69
 459 0300 8F000000 		.4byte	0x8f
 460 0304 59       		.byte	0x59
 461 0305 06       		.uleb128 0x6
 462 0306 C1050000 		.4byte	.LASF66
 463 030a 03       		.byte	0x3
 464 030b 6E       		.byte	0x6e
 465 030c A5000000 		.4byte	0xa5
 466 0310 5A       		.byte	0x5a
 467 0311 06       		.uleb128 0x6
 468 0312 F8070000 		.4byte	.LASF67
 469 0316 03       		.byte	0x3
 470 0317 6F       		.byte	0x6f
 471 0318 A5000000 		.4byte	0xa5
 472 031c 5C       		.byte	0x5c
 473 031d 06       		.uleb128 0x6
 474 031e CA000000 		.4byte	.LASF68
 475 0322 03       		.byte	0x3
 476 0323 70       		.byte	0x70
 477 0324 8F000000 		.4byte	0x8f
 478 0328 5E       		.byte	0x5e
 479 0329 06       		.uleb128 0x6
 480 032a 9A060000 		.4byte	.LASF69
 481 032e 03       		.byte	0x3
 482 032f 71       		.byte	0x71
 483 0330 8F000000 		.4byte	0x8f
 484 0334 5F       		.byte	0x5f
 485 0335 06       		.uleb128 0x6
 486 0336 1D060000 		.4byte	.LASF70
 487 033a 03       		.byte	0x3
 488 033b 72       		.byte	0x72
 489 033c 8F000000 		.4byte	0x8f
 490 0340 60       		.byte	0x60
 491 0341 06       		.uleb128 0x6
 492 0342 73060000 		.4byte	.LASF71
 493 0346 03       		.byte	0x3
 494 0347 73       		.byte	0x73
 495 0348 B0000000 		.4byte	0xb0
 496 034c 64       		.byte	0x64
 497 034d 06       		.uleb128 0x6
 498 034e 68010000 		.4byte	.LASF72
 499 0352 03       		.byte	0x3
 500 0353 76       		.byte	0x76
 501 0354 A5000000 		.4byte	0xa5
 502 0358 68       		.byte	0x68
 503 0359 06       		.uleb128 0x6
 504 035a 47040000 		.4byte	.LASF73
 505 035e 03       		.byte	0x3
 506 035f 77       		.byte	0x77
 507 0360 A5000000 		.4byte	0xa5
 508 0364 6A       		.byte	0x6a
 509 0365 06       		.uleb128 0x6
 510 0366 B7040000 		.4byte	.LASF74
 511 036a 03       		.byte	0x3
 512 036b 78       		.byte	0x78
 513 036c A5000000 		.4byte	0xa5
ARM GAS  C:\Users\mcfdo\AppData\Local\Temp\ccLW6kNg.s 			page 10


 514 0370 6C       		.byte	0x6c
 515 0371 06       		.uleb128 0x6
 516 0372 F0040000 		.4byte	.LASF75
 517 0376 03       		.byte	0x3
 518 0377 79       		.byte	0x79
 519 0378 A5000000 		.4byte	0xa5
 520 037c 6E       		.byte	0x6e
 521 037d 06       		.uleb128 0x6
 522 037e 1D070000 		.4byte	.LASF76
 523 0382 03       		.byte	0x3
 524 0383 7B       		.byte	0x7b
 525 0384 8F000000 		.4byte	0x8f
 526 0388 70       		.byte	0x70
 527 0389 06       		.uleb128 0x6
 528 038a EA010000 		.4byte	.LASF77
 529 038e 03       		.byte	0x3
 530 038f 7C       		.byte	0x7c
 531 0390 8F000000 		.4byte	0x8f
 532 0394 71       		.byte	0x71
 533 0395 06       		.uleb128 0x6
 534 0396 06090000 		.4byte	.LASF78
 535 039a 03       		.byte	0x3
 536 039b 7D       		.byte	0x7d
 537 039c 8F000000 		.4byte	0x8f
 538 03a0 72       		.byte	0x72
 539 03a1 06       		.uleb128 0x6
 540 03a2 EA050000 		.4byte	.LASF79
 541 03a6 03       		.byte	0x3
 542 03a7 7E       		.byte	0x7e
 543 03a8 8F000000 		.4byte	0x8f
 544 03ac 73       		.byte	0x73
 545 03ad 06       		.uleb128 0x6
 546 03ae 4F070000 		.4byte	.LASF80
 547 03b2 03       		.byte	0x3
 548 03b3 80       		.byte	0x80
 549 03b4 A5000000 		.4byte	0xa5
 550 03b8 74       		.byte	0x74
 551 03b9 06       		.uleb128 0x6
 552 03ba AC070000 		.4byte	.LASF81
 553 03be 03       		.byte	0x3
 554 03bf 81       		.byte	0x81
 555 03c0 A5000000 		.4byte	0xa5
 556 03c4 76       		.byte	0x76
 557 03c5 06       		.uleb128 0x6
 558 03c6 65030000 		.4byte	.LASF82
 559 03ca 03       		.byte	0x3
 560 03cb 82       		.byte	0x82
 561 03cc A5000000 		.4byte	0xa5
 562 03d0 78       		.byte	0x78
 563 03d1 06       		.uleb128 0x6
 564 03d2 94000000 		.4byte	.LASF83
 565 03d6 03       		.byte	0x3
 566 03d7 83       		.byte	0x83
 567 03d8 A5000000 		.4byte	0xa5
 568 03dc 7A       		.byte	0x7a
 569 03dd 06       		.uleb128 0x6
 570 03de 90080000 		.4byte	.LASF84
ARM GAS  C:\Users\mcfdo\AppData\Local\Temp\ccLW6kNg.s 			page 11


 571 03e2 03       		.byte	0x3
 572 03e3 86       		.byte	0x86
 573 03e4 8F000000 		.4byte	0x8f
 574 03e8 7C       		.byte	0x7c
 575 03e9 06       		.uleb128 0x6
 576 03ea 1C080000 		.4byte	.LASF85
 577 03ee 03       		.byte	0x3
 578 03ef 87       		.byte	0x87
 579 03f0 8F000000 		.4byte	0x8f
 580 03f4 7D       		.byte	0x7d
 581 03f5 06       		.uleb128 0x6
 582 03f6 26000000 		.4byte	.LASF86
 583 03fa 03       		.byte	0x3
 584 03fb 88       		.byte	0x88
 585 03fc 8F000000 		.4byte	0x8f
 586 0400 7E       		.byte	0x7e
 587 0401 06       		.uleb128 0x6
 588 0402 AC030000 		.4byte	.LASF87
 589 0406 03       		.byte	0x3
 590 0407 89       		.byte	0x89
 591 0408 8F000000 		.4byte	0x8f
 592 040c 7F       		.byte	0x7f
 593 040d 06       		.uleb128 0x6
 594 040e 11040000 		.4byte	.LASF88
 595 0412 03       		.byte	0x3
 596 0413 8A       		.byte	0x8a
 597 0414 8F000000 		.4byte	0x8f
 598 0418 80       		.byte	0x80
 599 0419 06       		.uleb128 0x6
 600 041a 73050000 		.4byte	.LASF89
 601 041e 03       		.byte	0x3
 602 041f 8D       		.byte	0x8d
 603 0420 B0000000 		.4byte	0xb0
 604 0424 84       		.byte	0x84
 605 0425 06       		.uleb128 0x6
 606 0426 A9000000 		.4byte	.LASF90
 607 042a 03       		.byte	0x3
 608 042b 8E       		.byte	0x8e
 609 042c B0000000 		.4byte	0xb0
 610 0430 88       		.byte	0x88
 611 0431 06       		.uleb128 0x6
 612 0432 7B080000 		.4byte	.LASF91
 613 0436 03       		.byte	0x3
 614 0437 8F       		.byte	0x8f
 615 0438 B0000000 		.4byte	0xb0
 616 043c 8C       		.byte	0x8c
 617 043d 06       		.uleb128 0x6
 618 043e A3050000 		.4byte	.LASF92
 619 0442 03       		.byte	0x3
 620 0443 90       		.byte	0x90
 621 0444 B0000000 		.4byte	0xb0
 622 0448 90       		.byte	0x90
 623 0449 06       		.uleb128 0x6
 624 044a FC030000 		.4byte	.LASF93
 625 044e 03       		.byte	0x3
 626 044f 91       		.byte	0x91
 627 0450 B0000000 		.4byte	0xb0
ARM GAS  C:\Users\mcfdo\AppData\Local\Temp\ccLW6kNg.s 			page 12


 628 0454 94       		.byte	0x94
 629 0455 06       		.uleb128 0x6
 630 0456 5D050000 		.4byte	.LASF94
 631 045a 03       		.byte	0x3
 632 045b 92       		.byte	0x92
 633 045c B0000000 		.4byte	0xb0
 634 0460 98       		.byte	0x98
 635 0461 06       		.uleb128 0x6
 636 0462 BF080000 		.4byte	.LASF95
 637 0466 03       		.byte	0x3
 638 0467 93       		.byte	0x93
 639 0468 B0000000 		.4byte	0xb0
 640 046c 9C       		.byte	0x9c
 641 046d 06       		.uleb128 0x6
 642 046e 78010000 		.4byte	.LASF96
 643 0472 03       		.byte	0x3
 644 0473 94       		.byte	0x94
 645 0474 B0000000 		.4byte	0xb0
 646 0478 A0       		.byte	0xa0
 647 0479 06       		.uleb128 0x6
 648 047a 41020000 		.4byte	.LASF97
 649 047e 03       		.byte	0x3
 650 047f 95       		.byte	0x95
 651 0480 A5000000 		.4byte	0xa5
 652 0484 A4       		.byte	0xa4
 653 0485 06       		.uleb128 0x6
 654 0486 48050000 		.4byte	.LASF98
 655 048a 03       		.byte	0x3
 656 048b 96       		.byte	0x96
 657 048c A5000000 		.4byte	0xa5
 658 0490 A6       		.byte	0xa6
 659 0491 06       		.uleb128 0x6
 660 0492 8E060000 		.4byte	.LASF99
 661 0496 03       		.byte	0x3
 662 0497 97       		.byte	0x97
 663 0498 A5000000 		.4byte	0xa5
 664 049c A8       		.byte	0xa8
 665 049d 06       		.uleb128 0x6
 666 049e 93070000 		.4byte	.LASF100
 667 04a2 03       		.byte	0x3
 668 04a3 98       		.byte	0x98
 669 04a4 A5000000 		.4byte	0xa5
 670 04a8 AA       		.byte	0xaa
 671 04a9 06       		.uleb128 0x6
 672 04aa C6040000 		.4byte	.LASF101
 673 04ae 03       		.byte	0x3
 674 04af 99       		.byte	0x99
 675 04b0 A5000000 		.4byte	0xa5
 676 04b4 AC       		.byte	0xac
 677 04b5 06       		.uleb128 0x6
 678 04b6 01060000 		.4byte	.LASF102
 679 04ba 03       		.byte	0x3
 680 04bb 9A       		.byte	0x9a
 681 04bc A5000000 		.4byte	0xa5
 682 04c0 AE       		.byte	0xae
 683 04c1 06       		.uleb128 0x6
 684 04c2 01080000 		.4byte	.LASF103
ARM GAS  C:\Users\mcfdo\AppData\Local\Temp\ccLW6kNg.s 			page 13


 685 04c6 03       		.byte	0x3
 686 04c7 9D       		.byte	0x9d
 687 04c8 A5000000 		.4byte	0xa5
 688 04cc B0       		.byte	0xb0
 689 04cd 06       		.uleb128 0x6
 690 04ce 39000000 		.4byte	.LASF104
 691 04d2 03       		.byte	0x3
 692 04d3 9E       		.byte	0x9e
 693 04d4 B0000000 		.4byte	0xb0
 694 04d8 B4       		.byte	0xb4
 695 04d9 00       		.byte	0
 696 04da 03       		.uleb128 0x3
 697 04db 15050000 		.4byte	.LASF105
 698 04df 03       		.byte	0x3
 699 04e0 9F       		.byte	0x9f
 700 04e1 C9000000 		.4byte	0xc9
 701 04e5 02       		.uleb128 0x2
 702 04e6 01       		.byte	0x1
 703 04e7 08       		.byte	0x8
 704 04e8 82070000 		.4byte	.LASF106
 705 04ec 02       		.uleb128 0x2
 706 04ed 04       		.byte	0x4
 707 04ee 04       		.byte	0x4
 708 04ef 6D060000 		.4byte	.LASF107
 709 04f3 02       		.uleb128 0x2
 710 04f4 08       		.byte	0x8
 711 04f5 04       		.byte	0x4
 712 04f6 5E030000 		.4byte	.LASF108
 713 04fa 07       		.uleb128 0x7
 714 04fb A5030000 		.4byte	.LASF109
 715 04ff 04       		.byte	0x4
 716 0500 EC03     		.2byte	0x3ec
 717 0502 B0000000 		.4byte	0xb0
 718 0506 08       		.uleb128 0x8
 719 0507 01       		.byte	0x1
 720 0508 24000000 		.4byte	0x24
 721 050c 05       		.byte	0x5
 722 050d 1304     		.2byte	0x413
 723 050f 2C050000 		.4byte	0x52c
 724 0513 09       		.uleb128 0x9
 725 0514 60020000 		.4byte	.LASF110
 726 0518 00       		.byte	0
 727 0519 09       		.uleb128 0x9
 728 051a BF060000 		.4byte	.LASF111
 729 051e 01       		.byte	0x1
 730 051f 09       		.uleb128 0x9
 731 0520 3B030000 		.4byte	.LASF112
 732 0524 02       		.byte	0x2
 733 0525 09       		.uleb128 0x9
 734 0526 A5080000 		.4byte	.LASF113
 735 052a 03       		.byte	0x3
 736 052b 00       		.byte	0
 737 052c 07       		.uleb128 0x7
 738 052d FF010000 		.4byte	.LASF114
 739 0531 05       		.byte	0x5
 740 0532 1804     		.2byte	0x418
 741 0534 06050000 		.4byte	0x506
ARM GAS  C:\Users\mcfdo\AppData\Local\Temp\ccLW6kNg.s 			page 14


 742 0538 0A       		.uleb128 0xa
 743 0539 78       		.byte	0x78
 744 053a 05       		.byte	0x5
 745 053b 0205     		.2byte	0x502
 746 053d 05060000 		.4byte	0x605
 747 0541 0B       		.uleb128 0xb
 748 0542 D4070000 		.4byte	.LASF115
 749 0546 05       		.byte	0x5
 750 0547 0405     		.2byte	0x504
 751 0549 B0000000 		.4byte	0xb0
 752 054d 00       		.byte	0
 753 054e 0B       		.uleb128 0xb
 754 054f 5C080000 		.4byte	.LASF116
 755 0553 05       		.byte	0x5
 756 0554 0505     		.2byte	0x505
 757 0556 B0000000 		.4byte	0xb0
 758 055a 04       		.byte	0x4
 759 055b 0B       		.uleb128 0xb
 760 055c 85030000 		.4byte	.LASF117
 761 0560 05       		.byte	0x5
 762 0561 0605     		.2byte	0x506
 763 0563 B0000000 		.4byte	0xb0
 764 0567 08       		.byte	0x8
 765 0568 0B       		.uleb128 0xb
 766 0569 DD050000 		.4byte	.LASF118
 767 056d 05       		.byte	0x5
 768 056e 0705     		.2byte	0x507
 769 0570 B0000000 		.4byte	0xb0
 770 0574 0C       		.byte	0xc
 771 0575 0B       		.uleb128 0xb
 772 0576 E5040000 		.4byte	.LASF119
 773 057a 05       		.byte	0x5
 774 057b 0805     		.2byte	0x508
 775 057d B0000000 		.4byte	0xb0
 776 0581 10       		.byte	0x10
 777 0582 0B       		.uleb128 0xb
 778 0583 2D080000 		.4byte	.LASF120
 779 0587 05       		.byte	0x5
 780 0588 0905     		.2byte	0x509
 781 058a 2C050000 		.4byte	0x52c
 782 058e 14       		.byte	0x14
 783 058f 0B       		.uleb128 0xb
 784 0590 B0060000 		.4byte	.LASF121
 785 0594 05       		.byte	0x5
 786 0595 0A05     		.2byte	0x50a
 787 0597 B0000000 		.4byte	0xb0
 788 059b 18       		.byte	0x18
 789 059c 0B       		.uleb128 0xb
 790 059d 25050000 		.4byte	.LASF122
 791 05a1 05       		.byte	0x5
 792 05a2 0B05     		.2byte	0x50b
 793 05a4 05060000 		.4byte	0x605
 794 05a8 1C       		.byte	0x1c
 795 05a9 0B       		.uleb128 0xb
 796 05aa 14070000 		.4byte	.LASF123
 797 05ae 05       		.byte	0x5
 798 05af 0C05     		.2byte	0x50c
ARM GAS  C:\Users\mcfdo\AppData\Local\Temp\ccLW6kNg.s 			page 15


 799 05b1 B0000000 		.4byte	0xb0
 800 05b5 5C       		.byte	0x5c
 801 05b6 0B       		.uleb128 0xb
 802 05b7 88000000 		.4byte	.LASF124
 803 05bb 05       		.byte	0x5
 804 05bc 0D05     		.2byte	0x50d
 805 05be B0000000 		.4byte	0xb0
 806 05c2 60       		.byte	0x60
 807 05c3 0B       		.uleb128 0xb
 808 05c4 5F060000 		.4byte	.LASF125
 809 05c8 05       		.byte	0x5
 810 05c9 0E05     		.2byte	0x50e
 811 05cb B0000000 		.4byte	0xb0
 812 05cf 64       		.byte	0x64
 813 05d0 0B       		.uleb128 0xb
 814 05d1 0A070000 		.4byte	.LASF126
 815 05d5 05       		.byte	0x5
 816 05d6 0F05     		.2byte	0x50f
 817 05d8 B0000000 		.4byte	0xb0
 818 05dc 68       		.byte	0x68
 819 05dd 0B       		.uleb128 0xb
 820 05de E4080000 		.4byte	.LASF127
 821 05e2 05       		.byte	0x5
 822 05e3 1005     		.2byte	0x510
 823 05e5 B0000000 		.4byte	0xb0
 824 05e9 6C       		.byte	0x6c
 825 05ea 0B       		.uleb128 0xb
 826 05eb 0F060000 		.4byte	.LASF128
 827 05ef 05       		.byte	0x5
 828 05f0 1105     		.2byte	0x511
 829 05f2 15060000 		.4byte	0x615
 830 05f6 70       		.byte	0x70
 831 05f7 0B       		.uleb128 0xb
 832 05f8 6A070000 		.4byte	.LASF129
 833 05fc 05       		.byte	0x5
 834 05fd 1205     		.2byte	0x512
 835 05ff B0000000 		.4byte	0xb0
 836 0603 74       		.byte	0x74
 837 0604 00       		.byte	0
 838 0605 0C       		.uleb128 0xc
 839 0606 B0000000 		.4byte	0xb0
 840 060a 15060000 		.4byte	0x615
 841 060e 0D       		.uleb128 0xd
 842 060f BB000000 		.4byte	0xbb
 843 0613 0F       		.byte	0xf
 844 0614 00       		.byte	0
 845 0615 02       		.uleb128 0x2
 846 0616 01       		.byte	0x1
 847 0617 02       		.byte	0x2
 848 0618 D8060000 		.4byte	.LASF130
 849 061c 07       		.uleb128 0x7
 850 061d BC010000 		.4byte	.LASF131
 851 0621 05       		.byte	0x5
 852 0622 1305     		.2byte	0x513
 853 0624 38050000 		.4byte	0x538
 854 0628 05       		.uleb128 0x5
 855 0629 14       		.byte	0x14
ARM GAS  C:\Users\mcfdo\AppData\Local\Temp\ccLW6kNg.s 			page 16


 856 062a 06       		.byte	0x6
 857 062b 3B       		.byte	0x3b
 858 062c 6D060000 		.4byte	0x66d
 859 0630 06       		.uleb128 0x6
 860 0631 30050000 		.4byte	.LASF132
 861 0635 06       		.byte	0x6
 862 0636 3D       		.byte	0x3d
 863 0637 B0000000 		.4byte	0xb0
 864 063b 00       		.byte	0
 865 063c 06       		.uleb128 0x6
 866 063d 09050000 		.4byte	.LASF133
 867 0641 06       		.byte	0x6
 868 0642 3E       		.byte	0x3e
 869 0643 B0000000 		.4byte	0xb0
 870 0647 04       		.byte	0x4
 871 0648 06       		.uleb128 0x6
 872 0649 E6030000 		.4byte	.LASF134
 873 064d 06       		.byte	0x6
 874 064e 3F       		.byte	0x3f
 875 064f 6D060000 		.4byte	0x66d
 876 0653 08       		.byte	0x8
 877 0654 06       		.uleb128 0x6
 878 0655 ED070000 		.4byte	.LASF135
 879 0659 06       		.byte	0x6
 880 065a 40       		.byte	0x40
 881 065b B0000000 		.4byte	0xb0
 882 065f 0C       		.byte	0xc
 883 0660 06       		.uleb128 0x6
 884 0661 22020000 		.4byte	.LASF136
 885 0665 06       		.byte	0x6
 886 0666 45       		.byte	0x45
 887 0667 B0000000 		.4byte	0xb0
 888 066b 10       		.byte	0x10
 889 066c 00       		.byte	0
 890 066d 0E       		.uleb128 0xe
 891 066e 04       		.byte	0x4
 892 066f 73060000 		.4byte	0x673
 893 0673 0F       		.uleb128 0xf
 894 0674 1C060000 		.4byte	0x61c
 895 0678 03       		.uleb128 0x3
 896 0679 67080000 		.4byte	.LASF137
 897 067d 06       		.byte	0x6
 898 067e 48       		.byte	0x48
 899 067f 28060000 		.4byte	0x628
 900 0683 0C       		.uleb128 0xc
 901 0684 73060000 		.4byte	0x673
 902 0688 93060000 		.4byte	0x693
 903 068c 0D       		.uleb128 0xd
 904 068d BB000000 		.4byte	0xbb
 905 0691 00       		.byte	0
 906 0692 00       		.byte	0
 907 0693 10       		.uleb128 0x10
 908 0694 58010000 		.4byte	.LASF143
 909 0698 07       		.byte	0x7
 910 0699 2A       		.byte	0x2a
 911 069a A4060000 		.4byte	0x6a4
 912 069e 05       		.uleb128 0x5
ARM GAS  C:\Users\mcfdo\AppData\Local\Temp\ccLW6kNg.s 			page 17


 913 069f 03       		.byte	0x3
 914 06a0 14000000 		.4byte	ADC_1_hwConfigs
 915 06a4 0F       		.uleb128 0xf
 916 06a5 83060000 		.4byte	0x683
 917 06a9 11       		.uleb128 0x11
 918 06aa 84060000 		.4byte	.LASF138
 919 06ae 03       		.byte	0x3
 920 06af A7       		.byte	0xa7
 921 06b0 B4060000 		.4byte	0x6b4
 922 06b4 0E       		.uleb128 0xe
 923 06b5 04       		.byte	0x4
 924 06b6 BA060000 		.4byte	0x6ba
 925 06ba 0F       		.uleb128 0xf
 926 06bb DA040000 		.4byte	0x4da
 927 06bf 0C       		.uleb128 0xc
 928 06c0 CF060000 		.4byte	0x6cf
 929 06c4 CF060000 		.4byte	0x6cf
 930 06c8 0D       		.uleb128 0xd
 931 06c9 BB000000 		.4byte	0xbb
 932 06cd 00       		.byte	0
 933 06ce 00       		.byte	0
 934 06cf 0F       		.uleb128 0xf
 935 06d0 78060000 		.4byte	0x678
 936 06d4 12       		.uleb128 0x12
 937 06d5 D4040000 		.4byte	.LASF139
 938 06d9 07       		.byte	0x7
 939 06da 8F       		.byte	0x8f
 940 06db E5060000 		.4byte	0x6e5
 941 06df 05       		.uleb128 0x5
 942 06e0 03       		.byte	0x3
 943 06e1 00000000 		.4byte	ADC_1_allConfigs
 944 06e5 0F       		.uleb128 0xf
 945 06e6 BF060000 		.4byte	0x6bf
 946 06ea 00       		.byte	0
 947              		.section	.debug_abbrev,"",%progbits
 948              	.Ldebug_abbrev0:
 949 0000 01       		.uleb128 0x1
 950 0001 11       		.uleb128 0x11
 951 0002 01       		.byte	0x1
 952 0003 25       		.uleb128 0x25
 953 0004 0E       		.uleb128 0xe
 954 0005 13       		.uleb128 0x13
 955 0006 0B       		.uleb128 0xb
 956 0007 03       		.uleb128 0x3
 957 0008 0E       		.uleb128 0xe
 958 0009 1B       		.uleb128 0x1b
 959 000a 0E       		.uleb128 0xe
 960 000b 10       		.uleb128 0x10
 961 000c 17       		.uleb128 0x17
 962 000d 00       		.byte	0
 963 000e 00       		.byte	0
 964 000f 02       		.uleb128 0x2
 965 0010 24       		.uleb128 0x24
 966 0011 00       		.byte	0
 967 0012 0B       		.uleb128 0xb
 968 0013 0B       		.uleb128 0xb
 969 0014 3E       		.uleb128 0x3e
ARM GAS  C:\Users\mcfdo\AppData\Local\Temp\ccLW6kNg.s 			page 18


 970 0015 0B       		.uleb128 0xb
 971 0016 03       		.uleb128 0x3
 972 0017 0E       		.uleb128 0xe
 973 0018 00       		.byte	0
 974 0019 00       		.byte	0
 975 001a 03       		.uleb128 0x3
 976 001b 16       		.uleb128 0x16
 977 001c 00       		.byte	0
 978 001d 03       		.uleb128 0x3
 979 001e 0E       		.uleb128 0xe
 980 001f 3A       		.uleb128 0x3a
 981 0020 0B       		.uleb128 0xb
 982 0021 3B       		.uleb128 0x3b
 983 0022 0B       		.uleb128 0xb
 984 0023 49       		.uleb128 0x49
 985 0024 13       		.uleb128 0x13
 986 0025 00       		.byte	0
 987 0026 00       		.byte	0
 988 0027 04       		.uleb128 0x4
 989 0028 24       		.uleb128 0x24
 990 0029 00       		.byte	0
 991 002a 0B       		.uleb128 0xb
 992 002b 0B       		.uleb128 0xb
 993 002c 3E       		.uleb128 0x3e
 994 002d 0B       		.uleb128 0xb
 995 002e 03       		.uleb128 0x3
 996 002f 08       		.uleb128 0x8
 997 0030 00       		.byte	0
 998 0031 00       		.byte	0
 999 0032 05       		.uleb128 0x5
 1000 0033 13       		.uleb128 0x13
 1001 0034 01       		.byte	0x1
 1002 0035 0B       		.uleb128 0xb
 1003 0036 0B       		.uleb128 0xb
 1004 0037 3A       		.uleb128 0x3a
 1005 0038 0B       		.uleb128 0xb
 1006 0039 3B       		.uleb128 0x3b
 1007 003a 0B       		.uleb128 0xb
 1008 003b 01       		.uleb128 0x1
 1009 003c 13       		.uleb128 0x13
 1010 003d 00       		.byte	0
 1011 003e 00       		.byte	0
 1012 003f 06       		.uleb128 0x6
 1013 0040 0D       		.uleb128 0xd
 1014 0041 00       		.byte	0
 1015 0042 03       		.uleb128 0x3
 1016 0043 0E       		.uleb128 0xe
 1017 0044 3A       		.uleb128 0x3a
 1018 0045 0B       		.uleb128 0xb
 1019 0046 3B       		.uleb128 0x3b
 1020 0047 0B       		.uleb128 0xb
 1021 0048 49       		.uleb128 0x49
 1022 0049 13       		.uleb128 0x13
 1023 004a 38       		.uleb128 0x38
 1024 004b 0B       		.uleb128 0xb
 1025 004c 00       		.byte	0
 1026 004d 00       		.byte	0
ARM GAS  C:\Users\mcfdo\AppData\Local\Temp\ccLW6kNg.s 			page 19


 1027 004e 07       		.uleb128 0x7
 1028 004f 16       		.uleb128 0x16
 1029 0050 00       		.byte	0
 1030 0051 03       		.uleb128 0x3
 1031 0052 0E       		.uleb128 0xe
 1032 0053 3A       		.uleb128 0x3a
 1033 0054 0B       		.uleb128 0xb
 1034 0055 3B       		.uleb128 0x3b
 1035 0056 05       		.uleb128 0x5
 1036 0057 49       		.uleb128 0x49
 1037 0058 13       		.uleb128 0x13
 1038 0059 00       		.byte	0
 1039 005a 00       		.byte	0
 1040 005b 08       		.uleb128 0x8
 1041 005c 04       		.uleb128 0x4
 1042 005d 01       		.byte	0x1
 1043 005e 0B       		.uleb128 0xb
 1044 005f 0B       		.uleb128 0xb
 1045 0060 49       		.uleb128 0x49
 1046 0061 13       		.uleb128 0x13
 1047 0062 3A       		.uleb128 0x3a
 1048 0063 0B       		.uleb128 0xb
 1049 0064 3B       		.uleb128 0x3b
 1050 0065 05       		.uleb128 0x5
 1051 0066 01       		.uleb128 0x1
 1052 0067 13       		.uleb128 0x13
 1053 0068 00       		.byte	0
 1054 0069 00       		.byte	0
 1055 006a 09       		.uleb128 0x9
 1056 006b 28       		.uleb128 0x28
 1057 006c 00       		.byte	0
 1058 006d 03       		.uleb128 0x3
 1059 006e 0E       		.uleb128 0xe
 1060 006f 1C       		.uleb128 0x1c
 1061 0070 0B       		.uleb128 0xb
 1062 0071 00       		.byte	0
 1063 0072 00       		.byte	0
 1064 0073 0A       		.uleb128 0xa
 1065 0074 13       		.uleb128 0x13
 1066 0075 01       		.byte	0x1
 1067 0076 0B       		.uleb128 0xb
 1068 0077 0B       		.uleb128 0xb
 1069 0078 3A       		.uleb128 0x3a
 1070 0079 0B       		.uleb128 0xb
 1071 007a 3B       		.uleb128 0x3b
 1072 007b 05       		.uleb128 0x5
 1073 007c 01       		.uleb128 0x1
 1074 007d 13       		.uleb128 0x13
 1075 007e 00       		.byte	0
 1076 007f 00       		.byte	0
 1077 0080 0B       		.uleb128 0xb
 1078 0081 0D       		.uleb128 0xd
 1079 0082 00       		.byte	0
 1080 0083 03       		.uleb128 0x3
 1081 0084 0E       		.uleb128 0xe
 1082 0085 3A       		.uleb128 0x3a
 1083 0086 0B       		.uleb128 0xb
ARM GAS  C:\Users\mcfdo\AppData\Local\Temp\ccLW6kNg.s 			page 20


 1084 0087 3B       		.uleb128 0x3b
 1085 0088 05       		.uleb128 0x5
 1086 0089 49       		.uleb128 0x49
 1087 008a 13       		.uleb128 0x13
 1088 008b 38       		.uleb128 0x38
 1089 008c 0B       		.uleb128 0xb
 1090 008d 00       		.byte	0
 1091 008e 00       		.byte	0
 1092 008f 0C       		.uleb128 0xc
 1093 0090 01       		.uleb128 0x1
 1094 0091 01       		.byte	0x1
 1095 0092 49       		.uleb128 0x49
 1096 0093 13       		.uleb128 0x13
 1097 0094 01       		.uleb128 0x1
 1098 0095 13       		.uleb128 0x13
 1099 0096 00       		.byte	0
 1100 0097 00       		.byte	0
 1101 0098 0D       		.uleb128 0xd
 1102 0099 21       		.uleb128 0x21
 1103 009a 00       		.byte	0
 1104 009b 49       		.uleb128 0x49
 1105 009c 13       		.uleb128 0x13
 1106 009d 2F       		.uleb128 0x2f
 1107 009e 0B       		.uleb128 0xb
 1108 009f 00       		.byte	0
 1109 00a0 00       		.byte	0
 1110 00a1 0E       		.uleb128 0xe
 1111 00a2 0F       		.uleb128 0xf
 1112 00a3 00       		.byte	0
 1113 00a4 0B       		.uleb128 0xb
 1114 00a5 0B       		.uleb128 0xb
 1115 00a6 49       		.uleb128 0x49
 1116 00a7 13       		.uleb128 0x13
 1117 00a8 00       		.byte	0
 1118 00a9 00       		.byte	0
 1119 00aa 0F       		.uleb128 0xf
 1120 00ab 26       		.uleb128 0x26
 1121 00ac 00       		.byte	0
 1122 00ad 49       		.uleb128 0x49
 1123 00ae 13       		.uleb128 0x13
 1124 00af 00       		.byte	0
 1125 00b0 00       		.byte	0
 1126 00b1 10       		.uleb128 0x10
 1127 00b2 34       		.uleb128 0x34
 1128 00b3 00       		.byte	0
 1129 00b4 03       		.uleb128 0x3
 1130 00b5 0E       		.uleb128 0xe
 1131 00b6 3A       		.uleb128 0x3a
 1132 00b7 0B       		.uleb128 0xb
 1133 00b8 3B       		.uleb128 0x3b
 1134 00b9 0B       		.uleb128 0xb
 1135 00ba 49       		.uleb128 0x49
 1136 00bb 13       		.uleb128 0x13
 1137 00bc 02       		.uleb128 0x2
 1138 00bd 18       		.uleb128 0x18
 1139 00be 00       		.byte	0
 1140 00bf 00       		.byte	0
ARM GAS  C:\Users\mcfdo\AppData\Local\Temp\ccLW6kNg.s 			page 21


 1141 00c0 11       		.uleb128 0x11
 1142 00c1 34       		.uleb128 0x34
 1143 00c2 00       		.byte	0
 1144 00c3 03       		.uleb128 0x3
 1145 00c4 0E       		.uleb128 0xe
 1146 00c5 3A       		.uleb128 0x3a
 1147 00c6 0B       		.uleb128 0xb
 1148 00c7 3B       		.uleb128 0x3b
 1149 00c8 0B       		.uleb128 0xb
 1150 00c9 49       		.uleb128 0x49
 1151 00ca 13       		.uleb128 0x13
 1152 00cb 3F       		.uleb128 0x3f
 1153 00cc 19       		.uleb128 0x19
 1154 00cd 3C       		.uleb128 0x3c
 1155 00ce 19       		.uleb128 0x19
 1156 00cf 00       		.byte	0
 1157 00d0 00       		.byte	0
 1158 00d1 12       		.uleb128 0x12
 1159 00d2 34       		.uleb128 0x34
 1160 00d3 00       		.byte	0
 1161 00d4 03       		.uleb128 0x3
 1162 00d5 0E       		.uleb128 0xe
 1163 00d6 3A       		.uleb128 0x3a
 1164 00d7 0B       		.uleb128 0xb
 1165 00d8 3B       		.uleb128 0x3b
 1166 00d9 0B       		.uleb128 0xb
 1167 00da 49       		.uleb128 0x49
 1168 00db 13       		.uleb128 0x13
 1169 00dc 3F       		.uleb128 0x3f
 1170 00dd 19       		.uleb128 0x19
 1171 00de 02       		.uleb128 0x2
 1172 00df 18       		.uleb128 0x18
 1173 00e0 00       		.byte	0
 1174 00e1 00       		.byte	0
 1175 00e2 00       		.byte	0
 1176              		.section	.debug_aranges,"",%progbits
 1177 0000 14000000 		.4byte	0x14
 1178 0004 0200     		.2byte	0x2
 1179 0006 00000000 		.4byte	.Ldebug_info0
 1180 000a 04       		.byte	0x4
 1181 000b 00       		.byte	0
 1182 000c 0000     		.2byte	0
 1183 000e 0000     		.2byte	0
 1184 0010 00000000 		.4byte	0
 1185 0014 00000000 		.4byte	0
 1186              		.section	.debug_line,"",%progbits
 1187              	.Ldebug_line0:
 1188 0000 0E020000 		.section	.debug_str,"MS",%progbits,1
 1188      02000802 
 1188      00000201 
 1188      FB0E0D00 
 1188      01010101 
 1189              	.LASF54:
 1190 0000 70726F74 		.ascii	"protBusMasterMask\000"
 1190      4275734D 
 1190      61737465 
 1190      724D6173 
ARM GAS  C:\Users\mcfdo\AppData\Local\Temp\ccLW6kNg.s 			page 22


 1190      6B00
 1191              	.LASF64:
 1192 0012 666C6173 		.ascii	"flashCtlMainWs3Freq\000"
 1192      6843746C 
 1192      4D61696E 
 1192      57733346 
 1192      72657100 
 1193              	.LASF86:
 1194 0026 6770696F 		.ascii	"gpioPrtCfgInOffset\000"
 1194      50727443 
 1194      6667496E 
 1194      4F666673 
 1194      657400
 1195              	.LASF104:
 1196 0039 6970634C 		.ascii	"ipcLockStatusOffset\000"
 1196      6F636B53 
 1196      74617475 
 1196      734F6666 
 1196      73657400 
 1197              	.LASF30:
 1198 004d 63727970 		.ascii	"cryptoVersion\000"
 1198      746F5665 
 1198      7273696F 
 1198      6E00
 1199              	.LASF48:
 1200 005b 70657269 		.ascii	"periClockNr\000"
 1200      436C6F63 
 1200      6B4E7200 
 1201              	.LASF26:
 1202 0067 70617373 		.ascii	"passBase\000"
 1202      42617365 
 1202      00
 1203              	.LASF39:
 1204 0070 63707573 		.ascii	"cpussIpcIrqNr\000"
 1204      73497063 
 1204      4972714E 
 1204      7200
 1205              	.LASF3:
 1206 007e 5F5F7569 		.ascii	"__uint8_t\000"
 1206      6E74385F 
 1206      7400
 1207              	.LASF124:
 1208 0088 73617449 		.ascii	"satIntrMask\000"
 1208      6E74724D 
 1208      61736B00 
 1209              	.LASF83:
 1210 0094 70657269 		.ascii	"periDiv24_5CtlOffset\000"
 1210      44697632 
 1210      345F3543 
 1210      746C4F66 
 1210      66736574 
 1211              	.LASF90:
 1212 00a9 63707573 		.ascii	"cpussCm4ClockCtlOffset\000"
 1212      73436D34 
 1212      436C6F63 
 1212      6B43746C 
 1212      4F666673 
ARM GAS  C:\Users\mcfdo\AppData\Local\Temp\ccLW6kNg.s 			page 23


 1213              	.LASF19:
 1214 00c0 63707573 		.ascii	"cpussBase\000"
 1214      73426173 
 1214      6500
 1215              	.LASF68:
 1216 00ca 64774368 		.ascii	"dwChCtlPrioPos\000"
 1216      43746C50 
 1216      72696F50 
 1216      6F7300
 1217              	.LASF11:
 1218 00d9 6C6F6E67 		.ascii	"long long unsigned int\000"
 1218      206C6F6E 
 1218      6720756E 
 1218      7369676E 
 1218      65642069 
 1219              	.LASF142:
 1220 00f0 433A5C55 		.ascii	"C:\\Users\\mcfdo\\OneDrive\\Documents\\PSoC Creator"
 1220      73657273 
 1220      5C6D6366 
 1220      646F5C4F 
 1220      6E654472 
 1221 011e 5C576F72 		.ascii	"\\Workspace_prog1\\Mario_mobile_robot_Copy_01_Copy_"
 1221      6B737061 
 1221      63655F70 
 1221      726F6731 
 1221      5C4D6172 
 1222 014f 30312E63 		.ascii	"01.cydsn\000"
 1222      7964736E 
 1222      00
 1223              	.LASF143:
 1224 0158 4144435F 		.ascii	"ADC_1_hwConfigs\000"
 1224      315F6877 
 1224      436F6E66 
 1224      69677300 
 1225              	.LASF72:
 1226 0168 70657269 		.ascii	"periTrCmdOffset\000"
 1226      5472436D 
 1226      644F6666 
 1226      73657400 
 1227              	.LASF96:
 1228 0178 63707573 		.ascii	"cpussSysTickCtlOffset\000"
 1228      73537973 
 1228      5469636B 
 1228      43746C4F 
 1228      66667365 
 1229              	.LASF57:
 1230 018e 666C6173 		.ascii	"flashPipeRequired\000"
 1230      68506970 
 1230      65526571 
 1230      75697265 
 1230      6400
 1231              	.LASF61:
 1232 01a0 666C6173 		.ascii	"flashCtlMainWs0Freq\000"
 1232      6843746C 
 1232      4D61696E 
 1232      57733046 
 1232      72657100 
ARM GAS  C:\Users\mcfdo\AppData\Local\Temp\ccLW6kNg.s 			page 24


 1233              	.LASF14:
 1234 01b4 696E7431 		.ascii	"int16_t\000"
 1234      365F7400 
 1235              	.LASF131:
 1236 01bc 63795F73 		.ascii	"cy_stc_sar_config_t\000"
 1236      74635F73 
 1236      61725F63 
 1236      6F6E6669 
 1236      675F7400 
 1237              	.LASF10:
 1238 01d0 6C6F6E67 		.ascii	"long long int\000"
 1238      206C6F6E 
 1238      6720696E 
 1238      7400
 1239              	.LASF2:
 1240 01de 7369676E 		.ascii	"signed char\000"
 1240      65642063 
 1240      68617200 
 1241              	.LASF77:
 1242 01ea 70657269 		.ascii	"periDivCmdTypeSelPos\000"
 1242      44697643 
 1242      6D645479 
 1242      70655365 
 1242      6C506F73 
 1243              	.LASF114:
 1244 01ff 63795F65 		.ascii	"cy_en_sar_range_detect_condition_t\000"
 1244      6E5F7361 
 1244      725F7261 
 1244      6E67655F 
 1244      64657465 
 1245              	.LASF136:
 1246 0222 636C6B44 		.ascii	"clkDivider\000"
 1246      69766964 
 1246      657200
 1247              	.LASF23:
 1248 022d 70726F74 		.ascii	"protBase\000"
 1248      42617365 
 1248      00
 1249              	.LASF35:
 1250 0236 69706356 		.ascii	"ipcVersion\000"
 1250      65727369 
 1250      6F6E00
 1251              	.LASF97:
 1252 0241 63707573 		.ascii	"cpussCm0NmiCtlOffset\000"
 1252      73436D30 
 1252      4E6D6943 
 1252      746C4F66 
 1252      66736574 
 1253              	.LASF24:
 1254 0256 6873696F 		.ascii	"hsiomBase\000"
 1254      6D426173 
 1254      6500
 1255              	.LASF110:
 1256 0260 43595F53 		.ascii	"CY_SAR_RANGE_COND_BELOW\000"
 1256      41525F52 
 1256      414E4745 
 1256      5F434F4E 
ARM GAS  C:\Users\mcfdo\AppData\Local\Temp\ccLW6kNg.s 			page 25


 1256      445F4245 
 1257              	.LASF7:
 1258 0278 6C6F6E67 		.ascii	"long int\000"
 1258      20696E74 
 1258      00
 1259              	.LASF140:
 1260 0281 474E5520 		.ascii	"GNU C11 5.4.1 20160609 (release) [ARM/embedded-5-br"
 1260      43313120 
 1260      352E342E 
 1260      31203230 
 1260      31363036 
 1261 02b4 616E6368 		.ascii	"anch revision 237715] -mcpu=cortex-m0plus -mthumb -"
 1261      20726576 
 1261      6973696F 
 1261      6E203233 
 1261      37373135 
 1262 02e7 67202D4F 		.ascii	"g -Os -ffunction-sections -ffat-lto-objects\000"
 1262      73202D66 
 1262      66756E63 
 1262      74696F6E 
 1262      2D736563 
 1263              	.LASF55:
 1264 0313 63727970 		.ascii	"cryptoMemSize\000"
 1264      746F4D65 
 1264      6D53697A 
 1264      6500
 1265              	.LASF21:
 1266 0321 70657269 		.ascii	"periBase\000"
 1266      42617365 
 1266      00
 1267              	.LASF53:
 1268 032a 73797350 		.ascii	"sysPmSimoPresent\000"
 1268      6D53696D 
 1268      6F507265 
 1268      73656E74 
 1268      00
 1269              	.LASF112:
 1270 033b 43595F53 		.ascii	"CY_SAR_RANGE_COND_ABOVE\000"
 1270      41525F52 
 1270      414E4745 
 1270      5F434F4E 
 1270      445F4142 
 1271              	.LASF43:
 1272 0353 63707573 		.ascii	"cpussFmIrq\000"
 1272      73466D49 
 1272      727100
 1273              	.LASF108:
 1274 035e 646F7562 		.ascii	"double\000"
 1274      6C6500
 1275              	.LASF82:
 1276 0365 70657269 		.ascii	"periDiv16_5CtlOffset\000"
 1276      44697631 
 1276      365F3543 
 1276      746C4F66 
 1276      66736574 
 1277              	.LASF46:
 1278 037a 73727373 		.ascii	"srssNumPll\000"
ARM GAS  C:\Users\mcfdo\AppData\Local\Temp\ccLW6kNg.s 			page 26


 1278      4E756D50 
 1278      6C6C00
 1279              	.LASF117:
 1280 0385 73616D70 		.ascii	"sampleTime01\000"
 1280      6C655469 
 1280      6D653031 
 1280      00
 1281              	.LASF6:
 1282 0392 73686F72 		.ascii	"short unsigned int\000"
 1282      7420756E 
 1282      7369676E 
 1282      65642069 
 1282      6E7400
 1283              	.LASF109:
 1284 03a5 75696E74 		.ascii	"uint32\000"
 1284      333200
 1285              	.LASF87:
 1286 03ac 6770696F 		.ascii	"gpioPrtCfgOutOffset\000"
 1286      50727443 
 1286      66674F75 
 1286      744F6666 
 1286      73657400 
 1287              	.LASF20:
 1288 03c0 666C6173 		.ascii	"flashcBase\000"
 1288      68634261 
 1288      736500
 1289              	.LASF8:
 1290 03cb 5F5F7569 		.ascii	"__uint32_t\000"
 1290      6E743332 
 1290      5F7400
 1291              	.LASF50:
 1292 03d6 70617373 		.ascii	"passSarChannels\000"
 1292      53617243 
 1292      68616E6E 
 1292      656C7300 
 1293              	.LASF134:
 1294 03e6 6877436F 		.ascii	"hwConfigStc\000"
 1294      6E666967 
 1294      53746300 
 1295              	.LASF4:
 1296 03f2 5F5F696E 		.ascii	"__int16_t\000"
 1296      7431365F 
 1296      7400
 1297              	.LASF93:
 1298 03fc 63707573 		.ascii	"cpussCm4PwrCtlOffset\000"
 1298      73436D34 
 1298      50777243 
 1298      746C4F66 
 1298      66736574 
 1299              	.LASF88:
 1300 0411 6770696F 		.ascii	"gpioPrtCfgSioOffset\000"
 1300      50727443 
 1300      66675369 
 1300      6F4F6666 
 1300      73657400 
 1301              	.LASF40:
 1302 0425 63707573 		.ascii	"cpussDwChNr\000"
ARM GAS  C:\Users\mcfdo\AppData\Local\Temp\ccLW6kNg.s 			page 27


 1302      73447743 
 1302      684E7200 
 1303              	.LASF12:
 1304 0431 756E7369 		.ascii	"unsigned int\000"
 1304      676E6564 
 1304      20696E74 
 1304      00
 1305              	.LASF15:
 1306 043e 75696E74 		.ascii	"uint16_t\000"
 1306      31365F74 
 1306      00
 1307              	.LASF73:
 1308 0447 70657269 		.ascii	"periTrCmdGrSelMsk\000"
 1308      5472436D 
 1308      64477253 
 1308      656C4D73 
 1308      6B00
 1309              	.LASF141:
 1310 0459 47656E65 		.ascii	"Generated_Source\\PSoC6\\ADC_1_INIT.c\000"
 1310      72617465 
 1310      645F536F 
 1310      75726365 
 1310      5C50536F 
 1311              	.LASF9:
 1312 047d 6C6F6E67 		.ascii	"long unsigned int\000"
 1312      20756E73 
 1312      69676E65 
 1312      6420696E 
 1312      7400
 1313              	.LASF38:
 1314 048f 63707573 		.ascii	"cpussIpcNr\000"
 1314      73497063 
 1314      4E7200
 1315              	.LASF25:
 1316 049a 6770696F 		.ascii	"gpioBase\000"
 1316      42617365 
 1316      00
 1317              	.LASF63:
 1318 04a3 666C6173 		.ascii	"flashCtlMainWs2Freq\000"
 1318      6843746C 
 1318      4D61696E 
 1318      57733246 
 1318      72657100 
 1319              	.LASF74:
 1320 04b7 70657269 		.ascii	"periTrGrOffset\000"
 1320      54724772 
 1320      4F666673 
 1320      657400
 1321              	.LASF101:
 1322 04c6 63707573 		.ascii	"cpussRam1Ctl0\000"
 1322      7352616D 
 1322      3143746C 
 1322      3000
 1323              	.LASF139:
 1324 04d4 4144435F 		.ascii	"ADC_1_allConfigs\000"
 1324      315F616C 
 1324      6C436F6E 
ARM GAS  C:\Users\mcfdo\AppData\Local\Temp\ccLW6kNg.s 			page 28


 1324      66696773 
 1324      00
 1325              	.LASF119:
 1326 04e5 72616E67 		.ascii	"rangeThres\000"
 1326      65546872 
 1326      657300
 1327              	.LASF75:
 1328 04f0 70657269 		.ascii	"periTrGrSize\000"
 1328      54724772 
 1328      53697A65 
 1328      00
 1329              	.LASF33:
 1330 04fd 6770696F 		.ascii	"gpioVersion\000"
 1330      56657273 
 1330      696F6E00 
 1331              	.LASF133:
 1332 0509 6E756D43 		.ascii	"numChannels\000"
 1332      68616E6E 
 1332      656C7300 
 1333              	.LASF105:
 1334 0515 63795F73 		.ascii	"cy_stc_device_t\000"
 1334      74635F64 
 1334      65766963 
 1334      655F7400 
 1335              	.LASF122:
 1336 0525 6368616E 		.ascii	"chanConfig\000"
 1336      436F6E66 
 1336      696700
 1337              	.LASF132:
 1338 0530 6368616E 		.ascii	"channelBase\000"
 1338      6E656C42 
 1338      61736500 
 1339              	.LASF51:
 1340 053c 65704D6F 		.ascii	"epMonitorNr\000"
 1340      6E69746F 
 1340      724E7200 
 1341              	.LASF98:
 1342 0548 63707573 		.ascii	"cpussCm4NmiCtlOffset\000"
 1342      73436D34 
 1342      4E6D6943 
 1342      746C4F66 
 1342      66736574 
 1343              	.LASF94:
 1344 055d 63707573 		.ascii	"cpussTrimRamCtlOffset\000"
 1344      73547269 
 1344      6D52616D 
 1344      43746C4F 
 1344      66667365 
 1345              	.LASF89:
 1346 0573 63707573 		.ascii	"cpussCm0ClockCtlOffset\000"
 1346      73436D30 
 1346      436C6F63 
 1346      6B43746C 
 1346      4F666673 
 1347              	.LASF29:
 1348 058a 63707573 		.ascii	"cpussVersion\000"
 1348      73566572 
ARM GAS  C:\Users\mcfdo\AppData\Local\Temp\ccLW6kNg.s 			page 29


 1348      73696F6E 
 1348      00
 1349              	.LASF36:
 1350 0597 70657269 		.ascii	"periVersion\000"
 1350      56657273 
 1350      696F6E00 
 1351              	.LASF92:
 1352 05a3 63707573 		.ascii	"cpussCm0StatusOffset\000"
 1352      73436D30 
 1352      53746174 
 1352      75734F66 
 1352      66736574 
 1353              	.LASF17:
 1354 05b8 73697A65 		.ascii	"sizetype\000"
 1354      74797065 
 1354      00
 1355              	.LASF66:
 1356 05c1 64774368 		.ascii	"dwChOffset\000"
 1356      4F666673 
 1356      657400
 1357              	.LASF41:
 1358 05cc 63707573 		.ascii	"cpussFlashPaSize\000"
 1358      73466C61 
 1358      73685061 
 1358      53697A65 
 1358      00
 1359              	.LASF118:
 1360 05dd 73616D70 		.ascii	"sampleTime23\000"
 1360      6C655469 
 1360      6D653233 
 1360      00
 1361              	.LASF79:
 1362 05ea 70657269 		.ascii	"periDivCmdPaTypeSelPos\000"
 1362      44697643 
 1362      6D645061 
 1362      54797065 
 1362      53656C50 
 1363              	.LASF102:
 1364 0601 63707573 		.ascii	"cpussRam2Ctl0\000"
 1364      7352616D 
 1364      3243746C 
 1364      3000
 1365              	.LASF128:
 1366 060f 636F6E66 		.ascii	"configRouting\000"
 1366      6967526F 
 1366      7574696E 
 1366      6700
 1367              	.LASF70:
 1368 061d 64775374 		.ascii	"dwStatusChIdxPos\000"
 1368      61747573 
 1368      43684964 
 1368      78506F73 
 1368      00
 1369              	.LASF52:
 1370 062e 75646250 		.ascii	"udbPresent\000"
 1370      72657365 
 1370      6E7400
ARM GAS  C:\Users\mcfdo\AppData\Local\Temp\ccLW6kNg.s 			page 30


 1371              	.LASF32:
 1372 0639 666C6173 		.ascii	"flashcVersion\000"
 1372      68635665 
 1372      7273696F 
 1372      6E00
 1373              	.LASF28:
 1374 0647 63727970 		.ascii	"cryptoBase\000"
 1374      746F4261 
 1374      736500
 1375              	.LASF49:
 1376 0652 736D6966 		.ascii	"smifDeviceNr\000"
 1376      44657669 
 1376      63654E72 
 1376      00
 1377              	.LASF125:
 1378 065f 72616E67 		.ascii	"rangeIntrMask\000"
 1378      65496E74 
 1378      724D6173 
 1378      6B00
 1379              	.LASF107:
 1380 066d 666C6F61 		.ascii	"float\000"
 1380      7400
 1381              	.LASF71:
 1382 0673 64775374 		.ascii	"dwStatusChIdxMsk\000"
 1382      61747573 
 1382      43684964 
 1382      784D736B 
 1382      00
 1383              	.LASF138:
 1384 0684 63795F64 		.ascii	"cy_device\000"
 1384      65766963 
 1384      6500
 1385              	.LASF99:
 1386 068e 63707573 		.ascii	"cpussRomCtl\000"
 1386      73526F6D 
 1386      43746C00 
 1387              	.LASF69:
 1388 069a 64774368 		.ascii	"dwChCtlPreemptablePos\000"
 1388      43746C50 
 1388      7265656D 
 1388      70746162 
 1388      6C65506F 
 1389              	.LASF121:
 1390 06b0 6368616E 		.ascii	"chanEn\000"
 1390      456E00
 1391              	.LASF22:
 1392 06b7 75646242 		.ascii	"udbBase\000"
 1392      61736500 
 1393              	.LASF111:
 1394 06bf 43595F53 		.ascii	"CY_SAR_RANGE_COND_INSIDE\000"
 1394      41525F52 
 1394      414E4745 
 1394      5F434F4E 
 1394      445F494E 
 1395              	.LASF130:
 1396 06d8 5F426F6F 		.ascii	"_Bool\000"
 1396      6C00
ARM GAS  C:\Users\mcfdo\AppData\Local\Temp\ccLW6kNg.s 			page 31


 1397              	.LASF1:
 1398 06de 756E7369 		.ascii	"unsigned char\000"
 1398      676E6564 
 1398      20636861 
 1398      7200
 1399              	.LASF65:
 1400 06ec 666C6173 		.ascii	"flashCtlMainWs4Freq\000"
 1400      6843746C 
 1400      4D61696E 
 1400      57733446 
 1400      72657100 
 1401              	.LASF0:
 1402 0700 73686F72 		.ascii	"short int\000"
 1402      7420696E 
 1402      7400
 1403              	.LASF126:
 1404 070a 6D757853 		.ascii	"muxSwitch\000"
 1404      77697463 
 1404      6800
 1405              	.LASF123:
 1406 0714 696E7472 		.ascii	"intrMask\000"
 1406      4D61736B 
 1406      00
 1407              	.LASF76:
 1408 071d 70657269 		.ascii	"periDivCmdDivSelMsk\000"
 1408      44697643 
 1408      6D644469 
 1408      7653656C 
 1408      4D736B00 
 1409              	.LASF47:
 1410 0731 73727373 		.ascii	"srssNumHfroot\000"
 1410      4E756D48 
 1410      66726F6F 
 1410      7400
 1411              	.LASF60:
 1412 073f 666C6173 		.ascii	"flashEraseDelay\000"
 1412      68457261 
 1412      73654465 
 1412      6C617900 
 1413              	.LASF80:
 1414 074f 70657269 		.ascii	"periDiv8CtlOffset\000"
 1414      44697638 
 1414      43746C4F 
 1414      66667365 
 1414      7400
 1415              	.LASF16:
 1416 0761 75696E74 		.ascii	"uint32_t\000"
 1416      33325F74 
 1416      00
 1417              	.LASF129:
 1418 076a 76726566 		.ascii	"vrefMvValue\000"
 1418      4D765661 
 1418      6C756500 
 1419              	.LASF18:
 1420 0776 6C6F6E67 		.ascii	"long double\000"
 1420      20646F75 
 1420      626C6500 
ARM GAS  C:\Users\mcfdo\AppData\Local\Temp\ccLW6kNg.s 			page 32


 1421              	.LASF106:
 1422 0782 63686172 		.ascii	"char\000"
 1422      00
 1423              	.LASF37:
 1424 0787 70726F74 		.ascii	"protVersion\000"
 1424      56657273 
 1424      696F6E00 
 1425              	.LASF100:
 1426 0793 63707573 		.ascii	"cpussRam0Ctl0\000"
 1426      7352616D 
 1426      3043746C 
 1426      3000
 1427              	.LASF5:
 1428 07a1 5F5F7569 		.ascii	"__uint16_t\000"
 1428      6E743136 
 1428      5F7400
 1429              	.LASF81:
 1430 07ac 70657269 		.ascii	"periDiv16CtlOffset\000"
 1430      44697631 
 1430      3643746C 
 1430      4F666673 
 1430      657400
 1431              	.LASF13:
 1432 07bf 75696E74 		.ascii	"uint8_t\000"
 1432      385F7400 
 1433              	.LASF34:
 1434 07c7 6873696F 		.ascii	"hsiomVersion\000"
 1434      6D566572 
 1434      73696F6E 
 1434      00
 1435              	.LASF115:
 1436 07d4 6374726C 		.ascii	"ctrl\000"
 1436      00
 1437              	.LASF62:
 1438 07d9 666C6173 		.ascii	"flashCtlMainWs1Freq\000"
 1438      6843746C 
 1438      4D61696E 
 1438      57733146 
 1438      72657100 
 1439              	.LASF135:
 1440 07ed 6D697363 		.ascii	"miscConfig\000"
 1440      436F6E66 
 1440      696700
 1441              	.LASF67:
 1442 07f8 64774368 		.ascii	"dwChSize\000"
 1442      53697A65 
 1442      00
 1443              	.LASF103:
 1444 0801 69706353 		.ascii	"ipcStructSize\000"
 1444      74727563 
 1444      7453697A 
 1444      6500
 1445              	.LASF42:
 1446 080f 63707573 		.ascii	"cpussIpc0Irq\000"
 1446      73497063 
 1446      30497271 
 1446      00
ARM GAS  C:\Users\mcfdo\AppData\Local\Temp\ccLW6kNg.s 			page 33


 1447              	.LASF85:
 1448 081c 6770696F 		.ascii	"gpioPrtCfgOffset\000"
 1448      50727443 
 1448      66674F66 
 1448      66736574 
 1448      00
 1449              	.LASF120:
 1450 082d 72616E67 		.ascii	"rangeCond\000"
 1450      65436F6E 
 1450      6400
 1451              	.LASF44:
 1452 0837 63707573 		.ascii	"cpussNotConnectedIrq\000"
 1452      734E6F74 
 1452      436F6E6E 
 1452      65637465 
 1452      64497271 
 1453              	.LASF58:
 1454 084c 666C6173 		.ascii	"flashWriteDelay\000"
 1454      68577269 
 1454      74654465 
 1454      6C617900 
 1455              	.LASF116:
 1456 085c 73616D70 		.ascii	"sampleCtrl\000"
 1456      6C654374 
 1456      726C00
 1457              	.LASF137:
 1458 0867 4144435F 		.ascii	"ADC_1_CONFIG_STRUCT\000"
 1458      315F434F 
 1458      4E464947 
 1458      5F535452 
 1458      55435400 
 1459              	.LASF91:
 1460 087b 63707573 		.ascii	"cpussCm4StatusOffset\000"
 1460      73436D34 
 1460      53746174 
 1460      75734F66 
 1460      66736574 
 1461              	.LASF84:
 1462 0890 6770696F 		.ascii	"gpioPrtIntrCfgOffset\000"
 1462      50727449 
 1462      6E747243 
 1462      66674F66 
 1462      66736574 
 1463              	.LASF113:
 1464 08a5 43595F53 		.ascii	"CY_SAR_RANGE_COND_OUTSIDE\000"
 1464      41525F52 
 1464      414E4745 
 1464      5F434F4E 
 1464      445F4F55 
 1465              	.LASF95:
 1466 08bf 63707573 		.ascii	"cpussTrimRomCtlOffset\000"
 1466      73547269 
 1466      6D526F6D 
 1466      43746C4F 
 1466      66667365 
 1467              	.LASF45:
 1468 08d5 73727373 		.ascii	"srssNumClkpath\000"
ARM GAS  C:\Users\mcfdo\AppData\Local\Temp\ccLW6kNg.s 			page 34


 1468      4E756D43 
 1468      6C6B7061 
 1468      746800
 1469              	.LASF127:
 1470 08e4 6D757853 		.ascii	"muxSwitchSqCtrl\000"
 1470      77697463 
 1470      68537143 
 1470      74726C00 
 1471              	.LASF31:
 1472 08f4 64775665 		.ascii	"dwVersion\000"
 1472      7273696F 
 1472      6E00
 1473              	.LASF27:
 1474 08fe 69706342 		.ascii	"ipcBase\000"
 1474      61736500 
 1475              	.LASF78:
 1476 0906 70657269 		.ascii	"periDivCmdPaDivSelPos\000"
 1476      44697643 
 1476      6D645061 
 1476      44697653 
 1476      656C506F 
 1477              	.LASF59:
 1478 091c 666C6173 		.ascii	"flashProgramDelay\000"
 1478      6850726F 
 1478      6772616D 
 1478      44656C61 
 1478      7900
 1479              	.LASF56:
 1480 092e 666C6173 		.ascii	"flashRwwRequired\000"
 1480      68527777 
 1480      52657175 
 1480      69726564 
 1480      00
 1481              		.ident	"GCC: (GNU Tools for ARM Embedded Processors) 5.4.1 20160609 (release) [ARM/embedded-5-bran
